빌드 시작: 2015-08-09 오후 11:49:24
     1>2 노드의 "C:\Users\Ko U Ram\Desktop\c Practice and Projects\Mine\KUR GONU\KUR GONU\KUR GONU\KUR GONU.vcxproj" 프로젝트(build 대상)입니다.
     1>PrepareForBuild:
         "C:\Users\Ko U Ram\Desktop\c Practice and Projects\Mine\KUR GONU\KUR GONU\Release\" 디렉터리를 만들고 있습니다.
       InitializeBuildStatus:
         "AlwaysCreate"이(가) 지정되었기 때문에 "Release\KUR GONU.unsuccessfulbuild"을(를) 만들고 있습니다.
       ClCompile:
         C:\Program Files (x86)\Microsoft Visual Studio 10.0\VC\bin\CL.exe /c /Zi /nologo /W3 /WX- /O2 /Oi /Oy- /GL /D WIN32 /D NDEBUG /D _CONSOLE /D _UNICODE /D UNICODE /Gm- /EHsc /MD /GS /Gy /fp:precise /Zc:wchar_t /Zc:forScope /Fo"Release\\" /Fd"Release\vc100.pdb" /Gd /TC /analyze- /errorReport:prompt gonuDebug.c Rull.c Stack.c ConsoleGraphics.c GameData.c MainGame.c MenuAndUI.c GraphADT.c Main.c GonuInput.c StringQueue.c
         gonuDebug.c
         Rull.c
         Stack.c
     1>Stack.c(57): warning C4047: '=' : 'int'의 간접 참조 수준이 'void *'과(와) 다릅니다.
         ConsoleGraphics.c
         GameData.c
     1>GameData.c(29): warning C4996: 'fopen': This function or variable may be unsafe. Consider using fopen_s instead. To disable deprecation, use _CRT_SECURE_NO_WARNINGS. See online help for details.
                 C:\Program Files (x86)\Microsoft Visual Studio 10.0\VC\include\stdio.h(234) : 'fopen' 선언을 참조하십시오.
     1>GameData.c(36): warning C4996: 'fscanf': This function or variable may be unsafe. Consider using fscanf_s instead. To disable deprecation, use _CRT_SECURE_NO_WARNINGS. See online help for details.
                 C:\Program Files (x86)\Microsoft Visual Studio 10.0\VC\include\stdio.h(253) : 'fscanf' 선언을 참조하십시오.
     1>GameData.c(49): warning C4996: 'fscanf': This function or variable may be unsafe. Consider using fscanf_s instead. To disable deprecation, use _CRT_SECURE_NO_WARNINGS. See online help for details.
                 C:\Program Files (x86)\Microsoft Visual Studio 10.0\VC\include\stdio.h(253) : 'fscanf' 선언을 참조하십시오.
     1>GameData.c(129): warning C4996: 'fscanf': This function or variable may be unsafe. Consider using fscanf_s instead. To disable deprecation, use _CRT_SECURE_NO_WARNINGS. See online help for details.
                 C:\Program Files (x86)\Microsoft Visual Studio 10.0\VC\include\stdio.h(253) : 'fscanf' 선언을 참조하십시오.
     1>GameData.c(136): warning C4996: 'fscanf': This function or variable may be unsafe. Consider using fscanf_s instead. To disable deprecation, use _CRT_SECURE_NO_WARNINGS. See online help for details.
                 C:\Program Files (x86)\Microsoft Visual Studio 10.0\VC\include\stdio.h(253) : 'fscanf' 선언을 참조하십시오.
     1>GameData.c(154): warning C4996: 'fscanf': This function or variable may be unsafe. Consider using fscanf_s instead. To disable deprecation, use _CRT_SECURE_NO_WARNINGS. See online help for details.
                 C:\Program Files (x86)\Microsoft Visual Studio 10.0\VC\include\stdio.h(253) : 'fscanf' 선언을 참조하십시오.
     1>GameData.c(160): warning C4996: 'fscanf': This function or variable may be unsafe. Consider using fscanf_s instead. To disable deprecation, use _CRT_SECURE_NO_WARNINGS. See online help for details.
                 C:\Program Files (x86)\Microsoft Visual Studio 10.0\VC\include\stdio.h(253) : 'fscanf' 선언을 참조하십시오.
     1>GameData.c(182): warning C4996: 'fscanf': This function or variable may be unsafe. Consider using fscanf_s instead. To disable deprecation, use _CRT_SECURE_NO_WARNINGS. See online help for details.
                 C:\Program Files (x86)\Microsoft Visual Studio 10.0\VC\include\stdio.h(253) : 'fscanf' 선언을 참조하십시오.
         MainGame.c
     1>c:\users\ko u ram\desktop\c practice and projects\mine\kur gonu\kur gonu\kur gonu\Stack.h(10): warning C4005: 'TRUE' : 매크로 재정의
                 C:\Program Files (x86)\Microsoft SDKs\Windows\v7.0A\include\windef.h(72) : 'TRUE'의 이전 정의를 참조하십시오.
     1>MainGame.c(1376): warning C4996: 'putch': The POSIX name for this item is deprecated. Instead, use the ISO C++ conformant name: _putch. See online help for details.
                 C:\Program Files (x86)\Microsoft Visual Studio 10.0\VC\include\conio.h(135) : 'putch' 선언을 참조하십시오.
     1>MainGame.c(1403): warning C4996: 'putch': The POSIX name for this item is deprecated. Instead, use the ISO C++ conformant name: _putch. See online help for details.
                 C:\Program Files (x86)\Microsoft Visual Studio 10.0\VC\include\conio.h(135) : 'putch' 선언을 참조하십시오.
         MenuAndUI.c
     1>MenuAndUI.c(586): warning C4996: 'putch': The POSIX name for this item is deprecated. Instead, use the ISO C++ conformant name: _putch. See online help for details.
                 C:\Program Files (x86)\Microsoft Visual Studio 10.0\VC\include\conio.h(135) : 'putch' 선언을 참조하십시오.
     1>MenuAndUI.c(589): warning C4996: 'putch': The POSIX name for this item is deprecated. Instead, use the ISO C++ conformant name: _putch. See online help for details.
                 C:\Program Files (x86)\Microsoft Visual Studio 10.0\VC\include\conio.h(135) : 'putch' 선언을 참조하십시오.
     1>MenuAndUI.c(597): warning C4996: 'putch': The POSIX name for this item is deprecated. Instead, use the ISO C++ conformant name: _putch. See online help for details.
                 C:\Program Files (x86)\Microsoft Visual Studio 10.0\VC\include\conio.h(135) : 'putch' 선언을 참조하십시오.
     1>MenuAndUI.c(600): warning C4996: 'putch': The POSIX name for this item is deprecated. Instead, use the ISO C++ conformant name: _putch. See online help for details.
                 C:\Program Files (x86)\Microsoft Visual Studio 10.0\VC\include\conio.h(135) : 'putch' 선언을 참조하십시오.
         GraphADT.c
         Main.c
     1>c:\users\ko u ram\desktop\c practice and projects\mine\kur gonu\kur gonu\kur gonu\Stack.h(10): warning C4005: 'TRUE' : 매크로 재정의
                 C:\Program Files (x86)\Microsoft SDKs\Windows\v7.0A\include\windef.h(72) : 'TRUE'의 이전 정의를 참조하십시오.
         GonuInput.c
     1>GonuInput.c(88): warning C4996: 'strcat': This function or variable may be unsafe. Consider using strcat_s instead. To disable deprecation, use _CRT_SECURE_NO_WARNINGS. See online help for details.
         StringQueue.c
       Link:
         C:\Program Files (x86)\Microsoft Visual Studio 10.0\VC\bin\link.exe /ERRORREPORT:PROMPT /OUT:"C:\Users\Ko U Ram\Desktop\c Practice and Projects\Mine\KUR GONU\KUR GONU\Release\KUR GONU.exe" /INCREMENTAL:NO /NOLOGO kernel32.lib user32.lib gdi32.lib winspool.lib comdlg32.lib advapi32.lib shell32.lib ole32.lib oleaut32.lib uuid.lib odbc32.lib odbccp32.lib /MANIFEST /ManifestFile:"Release\KUR GONU.exe.intermediate.manifest" /MANIFESTUAC:"level='asInvoker' uiAccess='false'" /DEBUG /PDB:"C:\Users\Ko U Ram\Desktop\c Practice and Projects\Mine\KUR GONU\KUR GONU\Release\KUR GONU.pdb" /SUBSYSTEM:CONSOLE /OPT:REF /OPT:ICF /LTCG /TLBID:1 /DYNAMICBASE /NXCOMPAT /IMPLIB:"C:\Users\Ko U Ram\Desktop\c Practice and Projects\Mine\KUR GONU\KUR GONU\Release\KUR GONU.lib" /MACHINE:X86 Release\gonuDebug.obj
         Release\Rull.obj
         Release\Stack.obj
         Release\ConsoleGraphics.obj
         Release\GameData.obj
         Release\MainGame.obj
         Release\MenuAndUI.obj
         Release\GraphADT.obj
         Release\Main.obj
         Release\GonuInput.obj
         Release\StringQueue.obj
         코드를 생성하고 있습니다.
     1>c:\users\ko u ram\desktop\c practice and projects\mine\kur gonu\kur gonu\kur gonu\gonuinput.c(117): warning C4715: 'gonuInput' : 모든 제어 경로에서 값을 반환하지는 않습니다.
     1>c:\users\ko u ram\desktop\c practice and projects\mine\kur gonu\kur gonu\kur gonu\rull.c(107): warning C4715: 'isDefeated' : 모든 제어 경로에서 값을 반환하지는 않습니다.
     1>c:\users\ko u ram\desktop\c practice and projects\mine\kur gonu\kur gonu\kur gonu\maingame.c(1007): warning C4715: 'inputForMove' : 모든 제어 경로에서 값을 반환하지는 않습니다.
     1>c:\users\ko u ram\desktop\c practice and projects\mine\kur gonu\kur gonu\kur gonu\maingame.c(671): warning C4715: 'inputForSelect' : 모든 제어 경로에서 값을 반환하지는 않습니다.
     1>c:\users\ko u ram\desktop\c practice and projects\mine\kur gonu\kur gonu\kur gonu\maingame.c(450): warning C4715: 'inputRoutine' : 모든 제어 경로에서 값을 반환하지는 않습니다.
     1>c:\users\ko u ram\desktop\c practice and projects\mine\kur gonu\kur gonu\kur gonu\maingame.c(332): warning C4715: 'turn' : 모든 제어 경로에서 값을 반환하지는 않습니다.
         코드를 생성했습니다.
         KUR GONU.vcxproj -> C:\Users\Ko U Ram\Desktop\c Practice and Projects\Mine\KUR GONU\KUR GONU\Release\KUR GONU.exe
       Manifest:
         C:\Program Files (x86)\Microsoft SDKs\Windows\v7.0A\bin\mt.exe /nologo /verbose /outputresource:"C:\Users\Ko U Ram\Desktop\c Practice and Projects\Mine\KUR GONU\KUR GONU\Release\KUR GONU.exe;#1" /manifest "Release\KUR GONU.exe.intermediate.manifest"
       FinalizeBuildStatus:
         "Release\KUR GONU.unsuccessfulbuild" 파일을 삭제하고 있습니다.
         "Release\KUR GONU.lastbuildstate"에 연결(touching)하고 있습니다.
     1>"C:\Users\Ko U Ram\Desktop\c Practice and Projects\Mine\KUR GONU\KUR GONU\KUR GONU\KUR GONU.vcxproj" 프로젝트를 빌드했습니다(build 대상).

빌드했습니다.

경과 시간: 00:00:11.27
