빌드 시작: 2015-08-10 오후 11:44:18
     1>2 노드의 "C:\Users\Ko U Ram\Desktop\완성 프로젝트 목록\2015\KUR GONU vs2015\KUR GONU\KUR GONU\KUR GONU.vcxproj" 프로젝트(Build 대상)입니다.
     1>ClCompile:
         C:\Program Files (x86)\Microsoft Visual Studio 14.0\VC\bin\CL.exe /c /ZI /nologo /W3 /WX- /Od /Oy- /D WIN32 /D _DEBUG /D _CONSOLE /D _UNICODE /D UNICODE /Gm /EHsc /RTC1 /MDd /GS /fp:precise /Zc:wchar_t /Zc:forScope /Zc:inline /Fo"Debug\\" /Fd"Debug\vc140.pdb" /Gd /TC /analyze- /errorReport:prompt gonuDebug.c Rull.c Stack.c ConsoleGraphics.c GameData.c MainGame.c MenuAndUI.c GraphADT.c Main.c GonuInput.c StringQueue.c
         StringQueue.c
         GonuInput.c
     1>c:\users\ko u ram\desktop\완성 프로젝트 목록\2015\kur gonu vs2015\kur gonu\kur gonu\gonuinput.c(88): warning C4996: 'strcat': This function or variable may be unsafe. Consider using strcat_s instead. To disable deprecation, use _CRT_SECURE_NO_WARNINGS. See online help for details.
         c:\program files (x86)\windows kits\10\include\10.0.10150.0\ucrt\string.h(90): note: 'strcat' 선언을 참조하십시오.
         Main.c
     1>c:\users\ko u ram\desktop\완성 프로젝트 목록\2015\kur gonu vs2015\kur gonu\kur gonu\consolegraphics.h(30): error C2371: 'round': 재정의. 기본 형식이 다릅니다.
         c:\program files (x86)\windows kits\10\include\10.0.10150.0\ucrt\math.h(521): note: 'round' 선언을 참조하십시오.
     1>c:\users\ko u ram\desktop\완성 프로젝트 목록\2015\kur gonu vs2015\kur gonu\kur gonu\stack.h(10): warning C4005: 'TRUE': 매크로 재정의
         c:\program files (x86)\windows kits\8.1\include\shared\minwindef.h(75): note: 'TRUE'의 이전 정의를 참조하십시오.
         GraphADT.c
         MenuAndUI.c
     1>c:\users\ko u ram\desktop\완성 프로젝트 목록\2015\kur gonu vs2015\kur gonu\kur gonu\consolegraphics.h(30): error C2371: 'round': 재정의. 기본 형식이 다릅니다.
         c:\program files (x86)\windows kits\10\include\10.0.10150.0\ucrt\math.h(521): note: 'round' 선언을 참조하십시오.
         MainGame.c
     1>c:\users\ko u ram\desktop\완성 프로젝트 목록\2015\kur gonu vs2015\kur gonu\kur gonu\consolegraphics.h(30): error C2371: 'round': 재정의. 기본 형식이 다릅니다.
         c:\program files (x86)\windows kits\10\include\10.0.10150.0\ucrt\math.h(521): note: 'round' 선언을 참조하십시오.
     1>c:\users\ko u ram\desktop\완성 프로젝트 목록\2015\kur gonu vs2015\kur gonu\kur gonu\stack.h(10): warning C4005: 'TRUE': 매크로 재정의
         c:\program files (x86)\windows kits\8.1\include\shared\minwindef.h(75): note: 'TRUE'의 이전 정의를 참조하십시오.
         GameData.c
     1>c:\users\ko u ram\desktop\완성 프로젝트 목록\2015\kur gonu vs2015\kur gonu\kur gonu\consolegraphics.h(30): error C2371: 'round': 재정의. 기본 형식이 다릅니다.
         c:\program files (x86)\windows kits\10\include\10.0.10150.0\ucrt\math.h(521): note: 'round' 선언을 참조하십시오.
     1>c:\users\ko u ram\desktop\완성 프로젝트 목록\2015\kur gonu vs2015\kur gonu\kur gonu\gamedata.c(92): error C2039: '_ptr': '_iobuf'의 멤버가 아닙니다.
         c:\program files (x86)\windows kits\10\include\10.0.10150.0\ucrt\corecrt_wstdio.h(26): note: '_iobuf' 선언을 참조하십시오.
     1>c:\users\ko u ram\desktop\완성 프로젝트 목록\2015\kur gonu vs2015\kur gonu\kur gonu\gamedata.c(92): error C2198: 'readNumAndMoveFilePtr': 호출에 매개 변수가 너무 적습니다.
     1>c:\users\ko u ram\desktop\완성 프로젝트 목록\2015\kur gonu vs2015\kur gonu\kur gonu\gamedata.c(95): error C2039: '_ptr': '_iobuf'의 멤버가 아닙니다.
         c:\program files (x86)\windows kits\10\include\10.0.10150.0\ucrt\corecrt_wstdio.h(26): note: '_iobuf' 선언을 참조하십시오.
     1>c:\users\ko u ram\desktop\완성 프로젝트 목록\2015\kur gonu vs2015\kur gonu\kur gonu\gamedata.c(96): error C2039: '_ptr': '_iobuf'의 멤버가 아닙니다.
         c:\program files (x86)\windows kits\10\include\10.0.10150.0\ucrt\corecrt_wstdio.h(26): note: '_iobuf' 선언을 참조하십시오.
     1>c:\users\ko u ram\desktop\완성 프로젝트 목록\2015\kur gonu vs2015\kur gonu\kur gonu\gamedata.c(98): error C2039: '_ptr': '_iobuf'의 멤버가 아닙니다.
         c:\program files (x86)\windows kits\10\include\10.0.10150.0\ucrt\corecrt_wstdio.h(26): note: '_iobuf' 선언을 참조하십시오.
     1>c:\users\ko u ram\desktop\완성 프로젝트 목록\2015\kur gonu vs2015\kur gonu\kur gonu\gamedata.c(99): error C2039: '_ptr': '_iobuf'의 멤버가 아닙니다.
         c:\program files (x86)\windows kits\10\include\10.0.10150.0\ucrt\corecrt_wstdio.h(26): note: '_iobuf' 선언을 참조하십시오.
         ConsoleGraphics.c
     1>c:\users\ko u ram\desktop\완성 프로젝트 목록\2015\kur gonu vs2015\kur gonu\kur gonu\consolegraphics.h(30): error C2371: 'round': 재정의. 기본 형식이 다릅니다.
         c:\program files (x86)\windows kits\10\include\10.0.10150.0\ucrt\math.h(521): note: 'round' 선언을 참조하십시오.
     1>c:\users\ko u ram\desktop\완성 프로젝트 목록\2015\kur gonu vs2015\kur gonu\kur gonu\consolegraphics.c(68): error C2371: 'round': 재정의. 기본 형식이 다릅니다.
         c:\program files (x86)\windows kits\10\include\10.0.10150.0\ucrt\math.h(521): note: 'round' 선언을 참조하십시오.
     1>c:\users\ko u ram\desktop\완성 프로젝트 목록\2015\kur gonu vs2015\kur gonu\kur gonu\consolegraphics.c(125): warning C4244: '함수': 'double'에서 'int'(으)로 변환하면서 데이터가 손실될 수 있습니다.
     1>c:\users\ko u ram\desktop\완성 프로젝트 목록\2015\kur gonu vs2015\kur gonu\kur gonu\consolegraphics.c(133): warning C4244: '함수': 'double'에서 'int'(으)로 변환하면서 데이터가 손실될 수 있습니다.
     1>c:\users\ko u ram\desktop\완성 프로젝트 목록\2015\kur gonu vs2015\kur gonu\kur gonu\consolegraphics.c(143): warning C4244: '함수': 'double'에서 'int'(으)로 변환하면서 데이터가 손실될 수 있습니다.
     1>c:\users\ko u ram\desktop\완성 프로젝트 목록\2015\kur gonu vs2015\kur gonu\kur gonu\consolegraphics.c(148): warning C4244: '함수': 'double'에서 'int'(으)로 변환하면서 데이터가 손실될 수 있습니다.
         Stack.c
     1>c:\users\ko u ram\desktop\완성 프로젝트 목록\2015\kur gonu vs2015\kur gonu\kur gonu\stack.c(57): warning C4047: '=': 'int'의 간접 참조 수준이 'void *'과(와) 다릅니다.
         Rull.c
     1>c:\users\ko u ram\desktop\완성 프로젝트 목록\2015\kur gonu vs2015\kur gonu\kur gonu\consolegraphics.h(30): error C2371: 'round': 재정의. 기본 형식이 다릅니다.
         c:\program files (x86)\windows kits\10\include\10.0.10150.0\ucrt\math.h(521): note: 'round' 선언을 참조하십시오.
         gonuDebug.c
     1>c:\users\ko u ram\desktop\완성 프로젝트 목록\2015\kur gonu vs2015\kur gonu\kur gonu\consolegraphics.h(30): error C2371: 'round': 재정의. 기본 형식이 다릅니다.
         c:\program files (x86)\windows kits\10\include\10.0.10150.0\ucrt\math.h(521): note: 'round' 선언을 참조하십시오.
         코드를 생성하고 있습니다...
     1>c:\users\ko u ram\desktop\완성 프로젝트 목록\2015\kur gonu vs2015\kur gonu\kur gonu\gonuinput.c(117): warning C4715: 'gonuInput': 모든 제어 경로에서 값을 반환하지는 않습니다.
     1>"C:\Users\Ko U Ram\Desktop\완성 프로젝트 목록\2015\KUR GONU vs2015\KUR GONU\KUR GONU\KUR GONU.vcxproj" 프로젝트를 빌드했습니다(Build 대상). - 실패

빌드하지 못했습니다.

경과 시간: 00:00:02.67
