c:\users\ko u ram\desktop\c practice and projects\mine\kur gonu\kur gonu\kur gonu\debug\main.obj
c:\users\ko u ram\desktop\c practice and projects\mine\kur gonu\kur gonu\kur gonu\debug\vc100.pdb
c:\users\ko u ram\desktop\c practice and projects\mine\kur gonu\kur gonu\kur gonu\debug\graphadt.obj
c:\users\ko u ram\desktop\c practice and projects\mine\kur gonu\kur gonu\kur gonu\debug\껍데기 프로토타입test.obj
c:\users\ko u ram\desktop\c practice and projects\mine\kur gonu\kur gonu\kur gonu\debug\consolegraphics.obj
c:\users\ko u ram\desktop\c practice and projects\mine\kur gonu\kur gonu\kur gonu\debug\gonuinput.obj
c:\users\ko u ram\desktop\c practice and projects\mine\kur gonu\kur gonu\kur gonu\debug\menuui.obj
c:\users\ko u ram\desktop\c practice and projects\mine\kur gonu\kur gonu\kur gonu\debug\maingame.obj
c:\users\ko u ram\desktop\c practice and projects\mine\kur gonu\kur gonu\kur gonu\debug\gamedata.obj
c:\users\ko u ram\desktop\c practice and projects\mine\kur gonu\kur gonu\kur gonu\debug\menuandui.obj
c:\users\ko u ram\desktop\c practice and projects\mine\kur gonu\kur gonu\kur gonu\debug\stack.obj
c:\users\ko u ram\desktop\c practice and projects\mine\kur gonu\kur gonu\kur gonu\debug\rull.obj
c:\users\ko u ram\desktop\c practice and projects\mine\kur gonu\kur gonu\kur gonu\debug\gonudebug.obj
c:\users\ko u ram\desktop\c practice and projects\mine\kur gonu\kur gonu\kur gonu\debug\stringqueue.obj
c:\users\ko u ram\desktop\c practice and projects\mine\kur gonu\kur gonu\debug\kur gonu.ilk
c:\users\ko u ram\desktop\c practice and projects\mine\kur gonu\kur gonu\debug\kur gonu.exe
c:\users\ko u ram\desktop\c practice and projects\mine\kur gonu\kur gonu\kur gonu\debug\kur gonu.exe.intermediate.manifest
c:\users\ko u ram\desktop\c practice and projects\mine\kur gonu\kur gonu\debug\kur gonu.pdb
c:\users\ko u ram\desktop\c practice and projects\mine\kur gonu\kur gonu\kur gonu\debug\kur gonu.exe.embed.manifest
c:\users\ko u ram\desktop\c practice and projects\mine\kur gonu\kur gonu\kur gonu\debug\kur gonu.exe.embed.manifest.res
c:\users\ko u ram\desktop\완성 프로젝트 목록\2015\kur gonu vs2015\kur gonu\kur gonu\debug\kur gonu.vcxprojresolveassemblyreference.cache
c:\users\ko u ram\desktop\완성 프로젝트 목록\2015\kur gonu vs2015\kur gonu\kur gonu\debug\consolegraphics.obj
c:\users\ko u ram\desktop\완성 프로젝트 목록\2015\kur gonu vs2015\kur gonu\kur gonu\debug\gamedata.obj
c:\users\ko u ram\desktop\완성 프로젝트 목록\2015\kur gonu vs2015\kur gonu\kur gonu\debug\gonudebug.obj
c:\users\ko u ram\desktop\완성 프로젝트 목록\2015\kur gonu vs2015\kur gonu\kur gonu\debug\gonuinput.obj
c:\users\ko u ram\desktop\완성 프로젝트 목록\2015\kur gonu vs2015\kur gonu\kur gonu\debug\graphadt.obj
c:\users\ko u ram\desktop\완성 프로젝트 목록\2015\kur gonu vs2015\kur gonu\kur gonu\debug\main.obj
c:\users\ko u ram\desktop\완성 프로젝트 목록\2015\kur gonu vs2015\kur gonu\kur gonu\debug\maingame.obj
c:\users\ko u ram\desktop\완성 프로젝트 목록\2015\kur gonu vs2015\kur gonu\kur gonu\debug\menuandui.obj
c:\users\ko u ram\desktop\완성 프로젝트 목록\2015\kur gonu vs2015\kur gonu\kur gonu\debug\menuui.obj
c:\users\ko u ram\desktop\완성 프로젝트 목록\2015\kur gonu vs2015\kur gonu\kur gonu\debug\rull.obj
c:\users\ko u ram\desktop\완성 프로젝트 목록\2015\kur gonu vs2015\kur gonu\kur gonu\debug\stack.obj
c:\users\ko u ram\desktop\완성 프로젝트 목록\2015\kur gonu vs2015\kur gonu\kur gonu\debug\stringqueue.obj
c:\users\ko u ram\desktop\완성 프로젝트 목록\2015\kur gonu vs2015\kur gonu\kur gonu\debug\껍데기 프로토타입test.obj
c:\users\ko u ram\desktop\완성 프로젝트 목록\2015\kur gonu vs2015\kur gonu\kur gonu\debug\cl.command.1.tlog
c:\users\ko u ram\desktop\완성 프로젝트 목록\2015\kur gonu vs2015\kur gonu\kur gonu\debug\cl.read.1.tlog
c:\users\ko u ram\desktop\완성 프로젝트 목록\2015\kur gonu vs2015\kur gonu\kur gonu\debug\cl.write.1.tlog
c:\users\ko u ram\desktop\완성 프로젝트 목록\2015\kur gonu vs2015\kur gonu\kur gonu\debug\kur gonu.write.1.tlog
c:\users\ko u ram\desktop\완성 프로젝트 목록\2015\kur gonu vs2015\kur gonu\kur gonu\debug\link-cvtres.read.1.tlog
c:\users\ko u ram\desktop\완성 프로젝트 목록\2015\kur gonu vs2015\kur gonu\kur gonu\debug\link-cvtres.write.1.tlog
c:\users\ko u ram\desktop\완성 프로젝트 목록\2015\kur gonu vs2015\kur gonu\kur gonu\debug\link.1476-cvtres.read.1.tlog
c:\users\ko u ram\desktop\완성 프로젝트 목록\2015\kur gonu vs2015\kur gonu\kur gonu\debug\link.1476-cvtres.write.1.tlog
c:\users\ko u ram\desktop\완성 프로젝트 목록\2015\kur gonu vs2015\kur gonu\kur gonu\debug\link.1476.read.1.tlog
c:\users\ko u ram\desktop\완성 프로젝트 목록\2015\kur gonu vs2015\kur gonu\kur gonu\debug\link.1476.write.1.tlog
c:\users\ko u ram\desktop\완성 프로젝트 목록\2015\kur gonu vs2015\kur gonu\kur gonu\debug\link.2212-cvtres.read.1.tlog
c:\users\ko u ram\desktop\완성 프로젝트 목록\2015\kur gonu vs2015\kur gonu\kur gonu\debug\link.2212-cvtres.write.1.tlog
c:\users\ko u ram\desktop\완성 프로젝트 목록\2015\kur gonu vs2015\kur gonu\kur gonu\debug\link.2212.read.1.tlog
c:\users\ko u ram\desktop\완성 프로젝트 목록\2015\kur gonu vs2015\kur gonu\kur gonu\debug\link.2212.write.1.tlog
c:\users\ko u ram\desktop\완성 프로젝트 목록\2015\kur gonu vs2015\kur gonu\kur gonu\debug\link.3340-cvtres.read.1.tlog
c:\users\ko u ram\desktop\완성 프로젝트 목록\2015\kur gonu vs2015\kur gonu\kur gonu\debug\link.3340-cvtres.write.1.tlog
c:\users\ko u ram\desktop\완성 프로젝트 목록\2015\kur gonu vs2015\kur gonu\kur gonu\debug\link.3340.read.1.tlog
c:\users\ko u ram\desktop\완성 프로젝트 목록\2015\kur gonu vs2015\kur gonu\kur gonu\debug\link.3340.write.1.tlog
c:\users\ko u ram\desktop\완성 프로젝트 목록\2015\kur gonu vs2015\kur gonu\kur gonu\debug\link.3456-cvtres.read.1.tlog
c:\users\ko u ram\desktop\완성 프로젝트 목록\2015\kur gonu vs2015\kur gonu\kur gonu\debug\link.3456-cvtres.write.1.tlog
c:\users\ko u ram\desktop\완성 프로젝트 목록\2015\kur gonu vs2015\kur gonu\kur gonu\debug\link.3456.read.1.tlog
c:\users\ko u ram\desktop\완성 프로젝트 목록\2015\kur gonu vs2015\kur gonu\kur gonu\debug\link.3456.write.1.tlog
c:\users\ko u ram\desktop\완성 프로젝트 목록\2015\kur gonu vs2015\kur gonu\kur gonu\debug\link.4480-cvtres.read.1.tlog
c:\users\ko u ram\desktop\완성 프로젝트 목록\2015\kur gonu vs2015\kur gonu\kur gonu\debug\link.4480-cvtres.write.1.tlog
c:\users\ko u ram\desktop\완성 프로젝트 목록\2015\kur gonu vs2015\kur gonu\kur gonu\debug\link.4480.read.1.tlog
c:\users\ko u ram\desktop\완성 프로젝트 목록\2015\kur gonu vs2015\kur gonu\kur gonu\debug\link.4480.write.1.tlog
c:\users\ko u ram\desktop\완성 프로젝트 목록\2015\kur gonu vs2015\kur gonu\kur gonu\debug\link.4600-cvtres.read.1.tlog
c:\users\ko u ram\desktop\완성 프로젝트 목록\2015\kur gonu vs2015\kur gonu\kur gonu\debug\link.4600-cvtres.write.1.tlog
c:\users\ko u ram\desktop\완성 프로젝트 목록\2015\kur gonu vs2015\kur gonu\kur gonu\debug\link.4600.read.1.tlog
c:\users\ko u ram\desktop\완성 프로젝트 목록\2015\kur gonu vs2015\kur gonu\kur gonu\debug\link.4600.write.1.tlog
c:\users\ko u ram\desktop\완성 프로젝트 목록\2015\kur gonu vs2015\kur gonu\kur gonu\debug\link.4672-cvtres.read.1.tlog
c:\users\ko u ram\desktop\완성 프로젝트 목록\2015\kur gonu vs2015\kur gonu\kur gonu\debug\link.4672-cvtres.write.1.tlog
c:\users\ko u ram\desktop\완성 프로젝트 목록\2015\kur gonu vs2015\kur gonu\kur gonu\debug\link.4672.read.1.tlog
c:\users\ko u ram\desktop\완성 프로젝트 목록\2015\kur gonu vs2015\kur gonu\kur gonu\debug\link.4672.write.1.tlog
c:\users\ko u ram\desktop\완성 프로젝트 목록\2015\kur gonu vs2015\kur gonu\kur gonu\debug\link.4760-cvtres.read.1.tlog
c:\users\ko u ram\desktop\완성 프로젝트 목록\2015\kur gonu vs2015\kur gonu\kur gonu\debug\link.4760-cvtres.write.1.tlog
c:\users\ko u ram\desktop\완성 프로젝트 목록\2015\kur gonu vs2015\kur gonu\kur gonu\debug\link.4760.read.1.tlog
c:\users\ko u ram\desktop\완성 프로젝트 목록\2015\kur gonu vs2015\kur gonu\kur gonu\debug\link.4760.write.1.tlog
c:\users\ko u ram\desktop\완성 프로젝트 목록\2015\kur gonu vs2015\kur gonu\kur gonu\debug\link.4764-cvtres.read.1.tlog
c:\users\ko u ram\desktop\완성 프로젝트 목록\2015\kur gonu vs2015\kur gonu\kur gonu\debug\link.4764-cvtres.write.1.tlog
c:\users\ko u ram\desktop\완성 프로젝트 목록\2015\kur gonu vs2015\kur gonu\kur gonu\debug\link.4764.read.1.tlog
c:\users\ko u ram\desktop\완성 프로젝트 목록\2015\kur gonu vs2015\kur gonu\kur gonu\debug\link.4764.write.1.tlog
c:\users\ko u ram\desktop\완성 프로젝트 목록\2015\kur gonu vs2015\kur gonu\kur gonu\debug\link.5848-cvtres.read.1.tlog
c:\users\ko u ram\desktop\완성 프로젝트 목록\2015\kur gonu vs2015\kur gonu\kur gonu\debug\link.5848-cvtres.write.1.tlog
c:\users\ko u ram\desktop\완성 프로젝트 목록\2015\kur gonu vs2015\kur gonu\kur gonu\debug\link.5848.read.1.tlog
c:\users\ko u ram\desktop\완성 프로젝트 목록\2015\kur gonu vs2015\kur gonu\kur gonu\debug\link.5848.write.1.tlog
c:\users\ko u ram\desktop\완성 프로젝트 목록\2015\kur gonu vs2015\kur gonu\kur gonu\debug\link.5856-cvtres.read.1.tlog
c:\users\ko u ram\desktop\완성 프로젝트 목록\2015\kur gonu vs2015\kur gonu\kur gonu\debug\link.5856-cvtres.write.1.tlog
c:\users\ko u ram\desktop\완성 프로젝트 목록\2015\kur gonu vs2015\kur gonu\kur gonu\debug\link.5856.read.1.tlog
c:\users\ko u ram\desktop\완성 프로젝트 목록\2015\kur gonu vs2015\kur gonu\kur gonu\debug\link.5856.write.1.tlog
c:\users\ko u ram\desktop\완성 프로젝트 목록\2015\kur gonu vs2015\kur gonu\kur gonu\debug\link.6012-cvtres.read.1.tlog
c:\users\ko u ram\desktop\완성 프로젝트 목록\2015\kur gonu vs2015\kur gonu\kur gonu\debug\link.6012-cvtres.write.1.tlog
c:\users\ko u ram\desktop\완성 프로젝트 목록\2015\kur gonu vs2015\kur gonu\kur gonu\debug\link.6012.read.1.tlog
c:\users\ko u ram\desktop\완성 프로젝트 목록\2015\kur gonu vs2015\kur gonu\kur gonu\debug\link.6012.write.1.tlog
c:\users\ko u ram\desktop\완성 프로젝트 목록\2015\kur gonu vs2015\kur gonu\kur gonu\debug\link.6320-cvtres.read.1.tlog
c:\users\ko u ram\desktop\완성 프로젝트 목록\2015\kur gonu vs2015\kur gonu\kur gonu\debug\link.6320-cvtres.write.1.tlog
c:\users\ko u ram\desktop\완성 프로젝트 목록\2015\kur gonu vs2015\kur gonu\kur gonu\debug\link.6320.read.1.tlog
c:\users\ko u ram\desktop\완성 프로젝트 목록\2015\kur gonu vs2015\kur gonu\kur gonu\debug\link.6320.write.1.tlog
c:\users\ko u ram\desktop\완성 프로젝트 목록\2015\kur gonu vs2015\kur gonu\kur gonu\debug\link.6476-cvtres.read.1.tlog
c:\users\ko u ram\desktop\완성 프로젝트 목록\2015\kur gonu vs2015\kur gonu\kur gonu\debug\link.6476-cvtres.write.1.tlog
c:\users\ko u ram\desktop\완성 프로젝트 목록\2015\kur gonu vs2015\kur gonu\kur gonu\debug\link.6476.read.1.tlog
c:\users\ko u ram\desktop\완성 프로젝트 목록\2015\kur gonu vs2015\kur gonu\kur gonu\debug\link.6476.write.1.tlog
c:\users\ko u ram\desktop\완성 프로젝트 목록\2015\kur gonu vs2015\kur gonu\kur gonu\debug\link.6580-cvtres.read.1.tlog
c:\users\ko u ram\desktop\완성 프로젝트 목록\2015\kur gonu vs2015\kur gonu\kur gonu\debug\link.6580-cvtres.write.1.tlog
c:\users\ko u ram\desktop\완성 프로젝트 목록\2015\kur gonu vs2015\kur gonu\kur gonu\debug\link.6580.read.1.tlog
c:\users\ko u ram\desktop\완성 프로젝트 목록\2015\kur gonu vs2015\kur gonu\kur gonu\debug\link.6580.write.1.tlog
c:\users\ko u ram\desktop\완성 프로젝트 목록\2015\kur gonu vs2015\kur gonu\kur gonu\debug\link.6692-cvtres.read.1.tlog
c:\users\ko u ram\desktop\완성 프로젝트 목록\2015\kur gonu vs2015\kur gonu\kur gonu\debug\link.6692-cvtres.write.1.tlog
c:\users\ko u ram\desktop\완성 프로젝트 목록\2015\kur gonu vs2015\kur gonu\kur gonu\debug\link.6692.read.1.tlog
c:\users\ko u ram\desktop\완성 프로젝트 목록\2015\kur gonu vs2015\kur gonu\kur gonu\debug\link.6692.write.1.tlog
c:\users\ko u ram\desktop\완성 프로젝트 목록\2015\kur gonu vs2015\kur gonu\kur gonu\debug\link.6712-cvtres.read.1.tlog
c:\users\ko u ram\desktop\완성 프로젝트 목록\2015\kur gonu vs2015\kur gonu\kur gonu\debug\link.6712-cvtres.write.1.tlog
c:\users\ko u ram\desktop\완성 프로젝트 목록\2015\kur gonu vs2015\kur gonu\kur gonu\debug\link.6712.read.1.tlog
c:\users\ko u ram\desktop\완성 프로젝트 목록\2015\kur gonu vs2015\kur gonu\kur gonu\debug\link.6712.write.1.tlog
c:\users\ko u ram\desktop\완성 프로젝트 목록\2015\kur gonu vs2015\kur gonu\kur gonu\debug\link.6812-cvtres.read.1.tlog
c:\users\ko u ram\desktop\완성 프로젝트 목록\2015\kur gonu vs2015\kur gonu\kur gonu\debug\link.6812-cvtres.write.1.tlog
c:\users\ko u ram\desktop\완성 프로젝트 목록\2015\kur gonu vs2015\kur gonu\kur gonu\debug\link.6812.read.1.tlog
c:\users\ko u ram\desktop\완성 프로젝트 목록\2015\kur gonu vs2015\kur gonu\kur gonu\debug\link.6812.write.1.tlog
c:\users\ko u ram\desktop\완성 프로젝트 목록\2015\kur gonu vs2015\kur gonu\kur gonu\debug\link.6896-cvtres.read.1.tlog
c:\users\ko u ram\desktop\완성 프로젝트 목록\2015\kur gonu vs2015\kur gonu\kur gonu\debug\link.6896-cvtres.write.1.tlog
c:\users\ko u ram\desktop\완성 프로젝트 목록\2015\kur gonu vs2015\kur gonu\kur gonu\debug\link.6896.read.1.tlog
c:\users\ko u ram\desktop\완성 프로젝트 목록\2015\kur gonu vs2015\kur gonu\kur gonu\debug\link.6896.write.1.tlog
c:\users\ko u ram\desktop\완성 프로젝트 목록\2015\kur gonu vs2015\kur gonu\kur gonu\debug\link.7072-cvtres.read.1.tlog
c:\users\ko u ram\desktop\완성 프로젝트 목록\2015\kur gonu vs2015\kur gonu\kur gonu\debug\link.7072-cvtres.write.1.tlog
c:\users\ko u ram\desktop\완성 프로젝트 목록\2015\kur gonu vs2015\kur gonu\kur gonu\debug\link.7072.read.1.tlog
c:\users\ko u ram\desktop\완성 프로젝트 목록\2015\kur gonu vs2015\kur gonu\kur gonu\debug\link.7072.write.1.tlog
c:\users\ko u ram\desktop\완성 프로젝트 목록\2015\kur gonu vs2015\kur gonu\kur gonu\debug\link.7084-cvtres.read.1.tlog
c:\users\ko u ram\desktop\완성 프로젝트 목록\2015\kur gonu vs2015\kur gonu\kur gonu\debug\link.7084-cvtres.write.1.tlog
c:\users\ko u ram\desktop\완성 프로젝트 목록\2015\kur gonu vs2015\kur gonu\kur gonu\debug\link.7084.read.1.tlog
c:\users\ko u ram\desktop\완성 프로젝트 목록\2015\kur gonu vs2015\kur gonu\kur gonu\debug\link.7084.write.1.tlog
c:\users\ko u ram\desktop\완성 프로젝트 목록\2015\kur gonu vs2015\kur gonu\kur gonu\debug\link.7112-cvtres.read.1.tlog
c:\users\ko u ram\desktop\완성 프로젝트 목록\2015\kur gonu vs2015\kur gonu\kur gonu\debug\link.7112-cvtres.write.1.tlog
c:\users\ko u ram\desktop\완성 프로젝트 목록\2015\kur gonu vs2015\kur gonu\kur gonu\debug\link.7112.read.1.tlog
c:\users\ko u ram\desktop\완성 프로젝트 목록\2015\kur gonu vs2015\kur gonu\kur gonu\debug\link.7112.write.1.tlog
c:\users\ko u ram\desktop\완성 프로젝트 목록\2015\kur gonu vs2015\kur gonu\kur gonu\debug\link.7268-cvtres.read.1.tlog
c:\users\ko u ram\desktop\완성 프로젝트 목록\2015\kur gonu vs2015\kur gonu\kur gonu\debug\link.7268-cvtres.write.1.tlog
c:\users\ko u ram\desktop\완성 프로젝트 목록\2015\kur gonu vs2015\kur gonu\kur gonu\debug\link.7268.read.1.tlog
c:\users\ko u ram\desktop\완성 프로젝트 목록\2015\kur gonu vs2015\kur gonu\kur gonu\debug\link.7268.write.1.tlog
c:\users\ko u ram\desktop\완성 프로젝트 목록\2015\kur gonu vs2015\kur gonu\kur gonu\debug\link.7452-cvtres.read.1.tlog
c:\users\ko u ram\desktop\완성 프로젝트 목록\2015\kur gonu vs2015\kur gonu\kur gonu\debug\link.7452-cvtres.write.1.tlog
c:\users\ko u ram\desktop\완성 프로젝트 목록\2015\kur gonu vs2015\kur gonu\kur gonu\debug\link.7452.read.1.tlog
c:\users\ko u ram\desktop\완성 프로젝트 목록\2015\kur gonu vs2015\kur gonu\kur gonu\debug\link.7452.write.1.tlog
c:\users\ko u ram\desktop\완성 프로젝트 목록\2015\kur gonu vs2015\kur gonu\kur gonu\debug\link.7748-cvtres.read.1.tlog
c:\users\ko u ram\desktop\완성 프로젝트 목록\2015\kur gonu vs2015\kur gonu\kur gonu\debug\link.7748-cvtres.write.1.tlog
c:\users\ko u ram\desktop\완성 프로젝트 목록\2015\kur gonu vs2015\kur gonu\kur gonu\debug\link.7748.read.1.tlog
c:\users\ko u ram\desktop\완성 프로젝트 목록\2015\kur gonu vs2015\kur gonu\kur gonu\debug\link.7748.write.1.tlog
c:\users\ko u ram\desktop\완성 프로젝트 목록\2015\kur gonu vs2015\kur gonu\kur gonu\debug\link.7840-cvtres.read.1.tlog
c:\users\ko u ram\desktop\완성 프로젝트 목록\2015\kur gonu vs2015\kur gonu\kur gonu\debug\link.7840-cvtres.write.1.tlog
c:\users\ko u ram\desktop\완성 프로젝트 목록\2015\kur gonu vs2015\kur gonu\kur gonu\debug\link.7840.read.1.tlog
c:\users\ko u ram\desktop\완성 프로젝트 목록\2015\kur gonu vs2015\kur gonu\kur gonu\debug\link.7840.write.1.tlog
c:\users\ko u ram\desktop\완성 프로젝트 목록\2015\kur gonu vs2015\kur gonu\kur gonu\debug\link.7852-cvtres.read.1.tlog
c:\users\ko u ram\desktop\완성 프로젝트 목록\2015\kur gonu vs2015\kur gonu\kur gonu\debug\link.7852-cvtres.write.1.tlog
c:\users\ko u ram\desktop\완성 프로젝트 목록\2015\kur gonu vs2015\kur gonu\kur gonu\debug\link.7852.read.1.tlog
c:\users\ko u ram\desktop\완성 프로젝트 목록\2015\kur gonu vs2015\kur gonu\kur gonu\debug\link.7852.write.1.tlog
c:\users\ko u ram\desktop\완성 프로젝트 목록\2015\kur gonu vs2015\kur gonu\kur gonu\debug\link.792-cvtres.read.1.tlog
c:\users\ko u ram\desktop\완성 프로젝트 목록\2015\kur gonu vs2015\kur gonu\kur gonu\debug\link.792-cvtres.write.1.tlog
c:\users\ko u ram\desktop\완성 프로젝트 목록\2015\kur gonu vs2015\kur gonu\kur gonu\debug\link.792.read.1.tlog
c:\users\ko u ram\desktop\완성 프로젝트 목록\2015\kur gonu vs2015\kur gonu\kur gonu\debug\link.792.write.1.tlog
c:\users\ko u ram\desktop\완성 프로젝트 목록\2015\kur gonu vs2015\kur gonu\kur gonu\debug\link.8164-cvtres.read.1.tlog
c:\users\ko u ram\desktop\완성 프로젝트 목록\2015\kur gonu vs2015\kur gonu\kur gonu\debug\link.8164-cvtres.write.1.tlog
c:\users\ko u ram\desktop\완성 프로젝트 목록\2015\kur gonu vs2015\kur gonu\kur gonu\debug\link.8164.read.1.tlog
c:\users\ko u ram\desktop\완성 프로젝트 목록\2015\kur gonu vs2015\kur gonu\kur gonu\debug\link.8164.write.1.tlog
c:\users\ko u ram\desktop\완성 프로젝트 목록\2015\kur gonu vs2015\kur gonu\kur gonu\debug\link.8180-cvtres.read.1.tlog
c:\users\ko u ram\desktop\완성 프로젝트 목록\2015\kur gonu vs2015\kur gonu\kur gonu\debug\link.8180-cvtres.write.1.tlog
c:\users\ko u ram\desktop\완성 프로젝트 목록\2015\kur gonu vs2015\kur gonu\kur gonu\debug\link.8180.read.1.tlog
c:\users\ko u ram\desktop\완성 프로젝트 목록\2015\kur gonu vs2015\kur gonu\kur gonu\debug\link.8180.write.1.tlog
c:\users\ko u ram\desktop\완성 프로젝트 목록\2015\kur gonu vs2015\kur gonu\kur gonu\debug\link.8284-cvtres.read.1.tlog
c:\users\ko u ram\desktop\완성 프로젝트 목록\2015\kur gonu vs2015\kur gonu\kur gonu\debug\link.8284-cvtres.write.1.tlog
c:\users\ko u ram\desktop\완성 프로젝트 목록\2015\kur gonu vs2015\kur gonu\kur gonu\debug\link.8284.read.1.tlog
c:\users\ko u ram\desktop\완성 프로젝트 목록\2015\kur gonu vs2015\kur gonu\kur gonu\debug\link.8284.write.1.tlog
c:\users\ko u ram\desktop\완성 프로젝트 목록\2015\kur gonu vs2015\kur gonu\kur gonu\debug\link.8300-cvtres.read.1.tlog
c:\users\ko u ram\desktop\완성 프로젝트 목록\2015\kur gonu vs2015\kur gonu\kur gonu\debug\link.8300-cvtres.write.1.tlog
c:\users\ko u ram\desktop\완성 프로젝트 목록\2015\kur gonu vs2015\kur gonu\kur gonu\debug\link.8300.read.1.tlog
c:\users\ko u ram\desktop\완성 프로젝트 목록\2015\kur gonu vs2015\kur gonu\kur gonu\debug\link.8300.write.1.tlog
c:\users\ko u ram\desktop\완성 프로젝트 목록\2015\kur gonu vs2015\kur gonu\kur gonu\debug\link.8356-cvtres.read.1.tlog
c:\users\ko u ram\desktop\완성 프로젝트 목록\2015\kur gonu vs2015\kur gonu\kur gonu\debug\link.8356-cvtres.write.1.tlog
c:\users\ko u ram\desktop\완성 프로젝트 목록\2015\kur gonu vs2015\kur gonu\kur gonu\debug\link.8356.read.1.tlog
c:\users\ko u ram\desktop\완성 프로젝트 목록\2015\kur gonu vs2015\kur gonu\kur gonu\debug\link.8356.write.1.tlog
c:\users\ko u ram\desktop\완성 프로젝트 목록\2015\kur gonu vs2015\kur gonu\kur gonu\debug\link.8804-cvtres.read.1.tlog
c:\users\ko u ram\desktop\완성 프로젝트 목록\2015\kur gonu vs2015\kur gonu\kur gonu\debug\link.8804-cvtres.write.1.tlog
c:\users\ko u ram\desktop\완성 프로젝트 목록\2015\kur gonu vs2015\kur gonu\kur gonu\debug\link.8804.read.1.tlog
c:\users\ko u ram\desktop\완성 프로젝트 목록\2015\kur gonu vs2015\kur gonu\kur gonu\debug\link.8804.write.1.tlog
c:\users\ko u ram\desktop\완성 프로젝트 목록\2015\kur gonu vs2015\kur gonu\kur gonu\debug\link.8824-cvtres.read.1.tlog
c:\users\ko u ram\desktop\완성 프로젝트 목록\2015\kur gonu vs2015\kur gonu\kur gonu\debug\link.8824-cvtres.write.1.tlog
c:\users\ko u ram\desktop\완성 프로젝트 목록\2015\kur gonu vs2015\kur gonu\kur gonu\debug\link.8824.read.1.tlog
c:\users\ko u ram\desktop\완성 프로젝트 목록\2015\kur gonu vs2015\kur gonu\kur gonu\debug\link.8824.write.1.tlog
c:\users\ko u ram\desktop\완성 프로젝트 목록\2015\kur gonu vs2015\kur gonu\kur gonu\debug\link.8932-cvtres.read.1.tlog
c:\users\ko u ram\desktop\완성 프로젝트 목록\2015\kur gonu vs2015\kur gonu\kur gonu\debug\link.8932-cvtres.write.1.tlog
c:\users\ko u ram\desktop\완성 프로젝트 목록\2015\kur gonu vs2015\kur gonu\kur gonu\debug\link.8932.read.1.tlog
c:\users\ko u ram\desktop\완성 프로젝트 목록\2015\kur gonu vs2015\kur gonu\kur gonu\debug\link.8932.write.1.tlog
c:\users\ko u ram\desktop\완성 프로젝트 목록\2015\kur gonu vs2015\kur gonu\kur gonu\debug\link.9072-cvtres.read.1.tlog
c:\users\ko u ram\desktop\완성 프로젝트 목록\2015\kur gonu vs2015\kur gonu\kur gonu\debug\link.9072-cvtres.write.1.tlog
c:\users\ko u ram\desktop\완성 프로젝트 목록\2015\kur gonu vs2015\kur gonu\kur gonu\debug\link.9072.read.1.tlog
c:\users\ko u ram\desktop\완성 프로젝트 목록\2015\kur gonu vs2015\kur gonu\kur gonu\debug\link.9072.write.1.tlog
c:\users\ko u ram\desktop\완성 프로젝트 목록\2015\kur gonu vs2015\kur gonu\kur gonu\debug\link.9792-cvtres.read.1.tlog
c:\users\ko u ram\desktop\완성 프로젝트 목록\2015\kur gonu vs2015\kur gonu\kur gonu\debug\link.9792-cvtres.write.1.tlog
c:\users\ko u ram\desktop\완성 프로젝트 목록\2015\kur gonu vs2015\kur gonu\kur gonu\debug\link.9792.read.1.tlog
c:\users\ko u ram\desktop\완성 프로젝트 목록\2015\kur gonu vs2015\kur gonu\kur gonu\debug\link.9792.write.1.tlog
c:\users\ko u ram\desktop\완성 프로젝트 목록\2015\kur gonu vs2015\kur gonu\kur gonu\debug\link.command.1.tlog
c:\users\ko u ram\desktop\완성 프로젝트 목록\2015\kur gonu vs2015\kur gonu\kur gonu\debug\link.read.1.tlog
c:\users\ko u ram\desktop\완성 프로젝트 목록\2015\kur gonu vs2015\kur gonu\kur gonu\debug\link.write.1.tlog
c:\users\ko u ram\desktop\완성 프로젝트 목록\2015\kur gonu vs2015\kur gonu\kur gonu\debug\mt.command.1.tlog
c:\users\ko u ram\desktop\완성 프로젝트 목록\2015\kur gonu vs2015\kur gonu\kur gonu\debug\mt.read.1.tlog
c:\users\ko u ram\desktop\완성 프로젝트 목록\2015\kur gonu vs2015\kur gonu\kur gonu\debug\mt.write.1.tlog
c:\users\ko u ram\desktop\완성 프로젝트 목록\2015\kur gonu vs2015\kur gonu\kur gonu\debug\rc.command.1.tlog
c:\users\ko u ram\desktop\완성 프로젝트 목록\2015\kur gonu vs2015\kur gonu\kur gonu\debug\rc.read.1.tlog
c:\users\ko u ram\desktop\완성 프로젝트 목록\2015\kur gonu vs2015\kur gonu\kur gonu\debug\rc.write.1.tlog
c:\users\ko u ram\desktop\완성 프로젝트 목록\2015\kur gonu vs2015\kur gonu\kur gonu\debug\kur gonu.exe.embed.manifest
c:\users\ko u ram\desktop\완성 프로젝트 목록\2015\kur gonu vs2015\kur gonu\kur gonu\debug\kur gonu.exe.intermediate.manifest
c:\users\ko u ram\desktop\완성 프로젝트 목록\2015\kur gonu vs2015\kur gonu\kur gonu\debug\kur gonu.exe.embed.manifest.res
c:\users\ko u ram\desktop\완성 프로젝트 목록\2015\kur gonu vs2015\kur gonu\kur gonu\debug\vc100.idb
c:\users\ko u ram\desktop\완성 프로젝트 목록\2015\kur gonu vs2015\kur gonu\kur gonu\debug\vc100.pdb
c:\users\ko u ram\desktop\완성 프로젝트 목록\2015\kur gonu vs2015\kur gonu\kur gonu\debug\kur gonu_manifest.rc
c:\users\ko u ram\desktop\완성 프로젝트 목록\2015\kur gonu vs2015\kur gonu\debug\kur gonu.pdb
c:\users\ko u ram\desktop\완성 프로젝트 목록\2015\kur gonu vs2015\kur gonu\debug\kur gonu.exe
c:\users\ko u ram\desktop\완성 프로젝트 목록\2015\kur gonu vs2015\kur gonu\debug\kur gonu.ilk
c:\users\ko u ram\desktop\완성 프로젝트 목록\2015\kur gonu vs2015\kur gonu\kur gonu\debug\kur gonu.tlog\cl.command.1.tlog
